[CASE matrix-time-io] [2026-04-18 17:22:10] STAGE=deps-precheck runtime_log=/home/code/trans-tools/logs/matrix-time-io-srun-96.log
total 21548
drwxrwxrwx  3 root root    4096  4月 18 17:22 .
drwxrwxrwt 15 root root   20480  4月 18 17:22 ..
drwxrwxrwx  5 root root    4096  4月 18 17:22 .fakefs
-rw-r--r--  1 root root 7341568  4月 18 17:22 zvol8ztest_libs_case2_so.tar
-rw-r--r--  1 root root 9438720  4月 18 17:22 zvol8ztest_libs_case3_so.tar
-rw-r--r--  1 root root 5244416  4月 18 17:22 zvol8ztest_libs_so.tar
[CASE matrix-time-io] [2026-04-18 17:22:10] STAGE=mount-check
Filesystem      Size  Used Avail Use% Mounted on
none            3.9G     0  3.9G   0% /usr/lib/modules/6.6.87.2-microsoft-standard-WSL2
none            3.9G  4.0K  3.9G   1% /mnt/wsl
drivers         362G  298G   64G  83% /usr/lib/wsl/drivers
/dev/sdd        251G   58G  181G  25% /
none            3.9G  184K  3.9G   1% /mnt/wslg
none            3.9G     0  3.9G   0% /usr/lib/wsl/lib
rootfs          3.9G  2.7M  3.9G   1% /init
none            3.9G  956K  3.9G   1% /run
none            3.9G     0  3.9G   0% /run/lock
none            3.9G     0  3.9G   0% /run/shm
none            3.9G  516K  3.9G   1% /mnt/wslg/versions.txt
none            3.9G  516K  3.9G   1% /mnt/wslg/doc
C:\             362G  298G   64G  83% /mnt/c
D:\             100G   12G   89G  12% /mnt/d
snapfuse        128K  128K     0 100% /snap/bare/5
snapfuse         74M   74M     0 100% /snap/core22/2339
snapfuse         74M   74M     0 100% /snap/core22/2411
snapfuse         92M   92M     0 100% /snap/gtk-common-themes/1535
snapfuse         49M   49M     0 100% /snap/snapd/25935
snapfuse         49M   49M     0 100% /snap/snapd/26382
snapfuse        132M  132M     0 100% /snap/ubuntu-desktop-installer/1286
snapfuse        151M  151M     0 100% /snap/ubuntu-desktop-installer/967
tmpfs           787M   12K  787M   1% /run/user/0
fakefs          251G   58G  181G  25% /vol8/test_libs_case2
fakefs          251G   58G  181G  25% /vol8/test_libs_case3
fakefs          251G   58G  181G  25% /vol8/test_libs
TARGET                SOURCE FSTYPE      OPTIONS
/vol8/test_libs_case2 fakefs fuse.fakefs rw,nosuid,nodev,relatime,user_id=0,group_id=0,default_permissions,allow_other
/vol8/test_libs_case3 fakefs fuse.fakefs rw,nosuid,nodev,relatime,user_id=0,group_id=0,default_permissions,allow_other
/vol8/test_libs       fakefs fuse.fakefs rw,nosuid,nodev,relatime,user_id=0,group_id=0,default_permissions,allow_other
[CASE matrix-time-io] [2026-04-18 17:22:11] STAGE=wrappersrun
WARNING: insecure transport mode enabled (testing only)
== Step 1: Analyze program dependencies ==
